<?xml version="1.0" encoding="UTF-8"?>
<!-- Generated by org.testng.reporters.JUnitReportReporter -->
<testsuite hostname="NISANTH" failures="0" tests="4" name="com.trello.qsipders.learntestng.UasgeOfTestAnnotation" time="0.030" errors="0" timestamp="2023-03-27T10:40:28 IST" skipped="1">
  <testcase classname="com.trello.qsipders.learntestng.UasgeOfTestAnnotation" name="watermelonTest" time="0.023"/>
  <system-out/>
  <testcase classname="com.trello.qsipders.learntestng.UasgeOfTestAnnotation" name="appleTest" time="0.002"/>
  <system-out/>
  <testcase classname="com.trello.qsipders.learntestng.UasgeOfTestAnnotation" name="appleTest" time="0.005"/>
  <system-out/>
  <testcase classname="com.trello.qsipders.learntestng.UasgeOfTestAnnotation" name="orangeTest">
    <skipped/>
  </testcase> <!-- orangeTest -->
  <system-out/>
</testsuite> <!-- com.trello.qsipders.learntestng.UasgeOfTestAnnotation -->
