<?xml version="1.0" encoding="UTF-8"?>
<!-- Generated by org.testng.reporters.JUnitReportReporter -->
<testsuite hostname="NISANTH" failures="0" tests="3" name="com.trello.qspiders.learngroupexecution.GroupA" time="0.014" errors="0" timestamp="2023-03-27T21:59:53 IST" skipped="0">
  <testcase classname="com.trello.qspiders.learngroupexecution.GroupA" name="nameC" time="0.002"/>
  <system-out/>
  <testcase classname="com.trello.qspiders.learngroupexecution.GroupA" name="nameB" time="0.008"/>
  <system-out/>
  <testcase classname="com.trello.qspiders.learngroupexecution.GroupA" name="nameA" time="0.004"/>
  <system-out/>
</testsuite> <!-- com.trello.qspiders.learngroupexecution.GroupA -->
