<?xml version="1.0" encoding="UTF-8"?>
<!-- Generated by org.testng.reporters.JUnitReportReporter -->
<testsuite hostname="NISANTH" failures="0" tests="1" name="com.trello.qspiders.learngroupexecution.GroupB" time="0.003" errors="0" timestamp="2023-03-27T21:59:53 IST" skipped="0">
  <testcase classname="com.trello.qspiders.learngroupexecution.GroupB" name="nameE" time="0.003"/>
  <system-out/>
</testsuite> <!-- com.trello.qspiders.learngroupexecution.GroupB -->
