<?xml version="1.0" encoding="UTF-8"?>
<!-- Generated by org.testng.reporters.JUnitReportReporter -->
<testsuite hostname="NISANTH" failures="0" tests="2" name="com.trello.qsipders.learntestng.AssertAutomationScript" time="59.799" errors="0" timestamp="2023-03-28T18:00:34 IST" skipped="0">
  <testcase classname="com.trello.qsipders.learntestng.AssertAutomationScript" name="checkLogOut" time="22.454"/>
  <system-out>
    <![CDATA[Login Successfull
Logout Successful]]>
  </system-out>
  <testcase classname="com.trello.qsipders.learntestng.AssertAutomationScript" name="checkLogOut" time="37.345"/>
  <system-out>
    <![CDATA[Login Successfull
Logout Successful]]>
  </system-out>
</testsuite> <!-- com.trello.qsipders.learntestng.AssertAutomationScript -->
