<?xml version="1.0" encoding="UTF-8"?>
<!-- Generated by org.testng.reporters.JUnitReportReporter -->
<testsuite hostname="NISANTH" failures="0" tests="1" name="com.trello.qspiders.learngroupexecution.StoreDataInXml" time="4.673" errors="0" timestamp="2023-03-27T11:09:28 IST" skipped="0">
  <testcase classname="com.trello.qspiders.learngroupexecution.StoreDataInXml" name="launchBrowser" time="4.673"/>
  <system-out/>
</testsuite> <!-- com.trello.qspiders.learngroupexecution.StoreDataInXml -->
