<?xml version="1.0" encoding="UTF-8"?>
<!-- Generated by org.testng.reporters.JUnitReportReporter -->
<testsuite hostname="NISANTH" failures="0" tests="1" name="com.trello.qspiders.learngroupexecution.CrossBrowserTestingUsingActitime" time="23.649" errors="0" timestamp="2023-03-27T21:59:53 IST" skipped="0">
  <testcase classname="com.trello.qspiders.learngroupexecution.CrossBrowserTestingUsingActitime" name="logoutTestcase" time="23.649"/>
  <system-out>
    <![CDATA[login succesfull
logout successful end to end testing is pass]]>
  </system-out>
</testsuite> <!-- com.trello.qspiders.learngroupexecution.CrossBrowserTestingUsingActitime -->
