<?xml version="1.0" encoding="UTF-8"?>
<!-- Generated by org.testng.reporters.JUnitReportReporter -->
<testsuite hostname="NISANTH" failures="0" tests="1" name="com.trello.qsipders.learntestng.UsageOfBeforeAndAfterMethod" time="25.173" errors="0" timestamp="2023-03-27T10:40:28 IST" skipped="0">
  <testcase classname="com.trello.qsipders.learntestng.UsageOfBeforeAndAfterMethod" name="testcase_01" time="25.173"/>
  <system-out/>
</testsuite> <!-- com.trello.qsipders.learntestng.UsageOfBeforeAndAfterMethod -->
