<?xml version="1.0" encoding="UTF-8"?>
<!-- Generated by org.testng.reporters.JUnitReportReporter -->
<testsuite hostname="NISANTH" failures="0" tests="4" name="com.trello.qspiders.learngroupexecution.DataDrivenTestingByClass" time="0.036" errors="0" timestamp="2023-03-27T11:20:18 IST" skipped="0">
  <testcase classname="com.trello.qspiders.learngroupexecution.DataDrivenTestingByClass" name="supplyDataToMe" time="0.025"/>
  <system-out/>
  <testcase classname="com.trello.qspiders.learngroupexecution.DataDrivenTestingByClass" name="supplyDataToMe" time="0.003"/>
  <system-out/>
  <testcase classname="com.trello.qspiders.learngroupexecution.DataDrivenTestingByClass" name="supplyDataToMe" time="0.005"/>
  <system-out/>
  <testcase classname="com.trello.qspiders.learngroupexecution.DataDrivenTestingByClass" name="supplyDataToMe" time="0.003"/>
  <system-out/>
</testsuite> <!-- com.trello.qspiders.learngroupexecution.DataDrivenTestingByClass -->
