<?xml version="1.0" encoding="UTF-8"?>
<!-- Generated by org.testng.reporters.JUnitReportReporter -->
<testsuite hostname="NISANTH" failures="0" tests="1" name="com.trello.qspiders.learnactionclass.ActionOnMytra" time="25.293" errors="0" timestamp="2023-03-29T17:55:44 IST" skipped="0">
  <testcase classname="com.trello.qspiders.learnactionclass.ActionOnMytra" name="moveElementUsingMoveByOffsetMethod" time="25.293"/>
  <system-out/>
</testsuite> <!-- com.trello.qspiders.learnactionclass.ActionOnMytra -->
